Traceback (most recent call last):
  File "/home/lbl11/git/lib/python3.12/site-packages/jupyter_cache/executors/utils.py", line 58, in single_nb_execution
    executenb(
  File "/home/lbl11/git/lib/python3.12/site-packages/nbclient/client.py", line 1314, in execute
    return NotebookClient(nb=nb, resources=resources, km=km, **kwargs).execute()
           ^^^^^^^^^^^^^^^^^^^^^^^^^^^^^^^^^^^^^^^^^^^^^^^^^^^^^^^^^^^^^^^^^^^^^
  File "/home/lbl11/git/lib/python3.12/site-packages/jupyter_core/utils/__init__.py", line 165, in wrapped
    return loop.run_until_complete(inner)
           ^^^^^^^^^^^^^^^^^^^^^^^^^^^^^^
  File "/usr/lib/python3.12/asyncio/base_events.py", line 687, in run_until_complete
    return future.result()
           ^^^^^^^^^^^^^^^
  File "/home/lbl11/git/lib/python3.12/site-packages/nbclient/client.py", line 709, in async_execute
    await self.async_execute_cell(
  File "/home/lbl11/git/lib/python3.12/site-packages/nbclient/client.py", line 1062, in async_execute_cell
    await self._check_raise_for_error(cell, cell_index, exec_reply)
  File "/home/lbl11/git/lib/python3.12/site-packages/nbclient/client.py", line 918, in _check_raise_for_error
    raise CellExecutionError.from_cell_and_msg(cell, exec_reply_content)
nbclient.exceptions.CellExecutionError: An error occurred while executing the following cell:
------------------
digital_output = output[:,0]
sample_error = output[:,1]
quantization_error = output[:,2]
mismatch_error = output[:,3] 

plt.subplot(211)
plt.plot(times, quantization_error * (2 ** 10)/ vdd)
plt.plot(times, quantization_error * (2 ** 10)/ vdd)
plt.subplot(212)
plt.plot(times, -analog_input)
plt.plot(times, digital_output)
print(adc._qnf_aout)
print(adc._lsb_sign_dout)
------------------

----- stdout -----
[mpf('0.005102769572366042605416') mpf('-0.001895019957230530163793')]
------------------

[0;31m---------------------------------------------------------------------------[0m
[0;31mAttributeError[0m                            Traceback (most recent call last)
Cell [0;32mIn[3], line 13[0m
[1;32m     11[0m plt[38;5;241m.[39mplot(times, digital_output)
[1;32m     12[0m [38;5;28mprint[39m(adc[38;5;241m.[39m_qnf_aout)
[0;32m---> 13[0m [38;5;28mprint[39m([43madc[49m[38;5;241;43m.[39;49m[43m_lsb_sign_dout[49m)

[0;31mAttributeError[0m: 'PepperDataConverter_V3' object has no attribute '_lsb_sign_dout'

